[35m[1mConsolidate compiler generated dependencies of target listener_node[0m
[ 50%] [32mBuilding CXX object CMakeFiles/listener_node.dir/src/listener_node.cpp.o[0m
[01m[K/home/jhon/GSC_2025_test/ros2_test_ws/src/cpp_listener/src/listener_node.cpp:17:2:[m[K [01;31m[Kerror: [m[Kexpected â€˜[01m[K;[m[Kâ€™ after class definition
   17 | }
      |  [01;31m[K^[m[K
      |  [32m[K;[m[K
gmake[2]: *** [CMakeFiles/listener_node.dir/build.make:76: CMakeFiles/listener_node.dir/src/listener_node.cpp.o] Error 1
gmake[1]: *** [CMakeFiles/Makefile2:137: CMakeFiles/listener_node.dir/all] Error 2
gmake: *** [Makefile:146: all] Error 2
