[0.009s] Invoking command in '/home/jhon/GSC_2025_test/ros2_test_ws/build/cpp_listener': CMAKE_PREFIX_PATH=${CMAKE_PREFIX_PATH}:/home/jhon/GSC_2025_test/ros2_test_ws/install/python_talker:/opt/ros/humble /usr/bin/cmake --build /home/jhon/GSC_2025_test/ros2_test_ws/build/cpp_listener -- -j32 -l32
[0.056s] [35m[1mConsolidate compiler generated dependencies of target listener_node[0m
[0.072s] [ 50%] [32mBuilding CXX object CMakeFiles/listener_node.dir/src/listener_node.cpp.o[0m
[1.415s] [01m[K/home/jhon/GSC_2025_test/ros2_test_ws/src/cpp_listener/src/listener_node.cpp:17:2:[m[K [01;31m[Kerror: [m[Kexpected â€˜[01m[K;[m[Kâ€™ after class definition
[1.415s]    17 | }
[1.415s]       |  [01;31m[K^[m[K
[1.415s]       |  [32m[K;[m[K
[2.729s] gmake[2]: *** [CMakeFiles/listener_node.dir/build.make:76: CMakeFiles/listener_node.dir/src/listener_node.cpp.o] Error 1
[2.729s] gmake[1]: *** [CMakeFiles/Makefile2:137: CMakeFiles/listener_node.dir/all] Error 2
[2.729s] gmake: *** [Makefile:146: all] Error 2
[2.732s] Invoked command in '/home/jhon/GSC_2025_test/ros2_test_ws/build/cpp_listener' returned '2': CMAKE_PREFIX_PATH=${CMAKE_PREFIX_PATH}:/home/jhon/GSC_2025_test/ros2_test_ws/install/python_talker:/opt/ros/humble /usr/bin/cmake --build /home/jhon/GSC_2025_test/ros2_test_ws/build/cpp_listener -- -j32 -l32
